<?xml version="1.0" encoding="UTF-8"?>
<!-- Generated by org.testng.reporters.JUnitReportReporter -->
<testsuite hostname="LAPTOP-PIT76V8A" failures="0" tests="2" name="com.sdet.AppTest" time="0.008" errors="0" timestamp="2023-02-11T19:09:31 IST" skipped="0">
  <testcase classname="com.sdet.AppTest" name="testlogin2" time="0.001"/>
  <system-out/>
  <testcase classname="com.sdet.AppTest" name="testlogin1" time="0.007"/>
  <system-out/>
</testsuite> <!-- com.sdet.AppTest -->
